2019-11-14T20:03:23.074644Z 0 [System] [MY-010116] [Server] C:\Users\micha\IdeaProjects\DoctorsDelay\DB\DataBase\MySQLServer\bin\mysqld.exe (mysqld 8.0.18) starting as process 20968
2019-11-14T20:03:24.397389Z 0 [Warning] [MY-010068] [Server] CA certificate ca.pem is self signed.
2019-11-14T20:03:24.465936Z 0 [System] [MY-010931] [Server] C:\Users\micha\IdeaProjects\DoctorsDelay\DB\DataBase\MySQLServer\bin\mysqld.exe: ready for connections. Version: '8.0.18'  socket: ''  port: 3306  MySQL Community Server - GPL.
2019-11-14T20:03:24.647403Z 0 [System] [MY-011323] [Server] X Plugin ready for connections. Bind-address: '::' port: 33060
2019-11-14T20:43:50.753424Z 0 [System] [MY-010116] [Server] C:\Users\micha\IdeaProjects\DoctorsDelay\DB\DataBase\MySQLServer\bin\mysqld (mysqld 8.0.18) starting as process 2472
2019-11-14T20:43:52.223922Z 0 [System] [MY-010229] [Server] Starting crash recovery...
2019-11-14T20:43:52.243339Z 0 [System] [MY-010232] [Server] Crash recovery finished.
2019-11-14T20:43:52.440781Z 0 [Warning] [MY-010068] [Server] CA certificate ca.pem is self signed.
2019-11-14T20:43:52.554262Z 0 [System] [MY-010931] [Server] C:\Users\micha\IdeaProjects\DoctorsDelay\DB\DataBase\MySQLServer\bin\mysqld: ready for connections. Version: '8.0.18'  socket: ''  port: 3306  MySQL Community Server - GPL.
2019-11-14T20:43:52.686662Z 0 [System] [MY-011323] [Server] X Plugin ready for connections. Bind-address: '::' port: 33060
2019-11-14T20:56:52.453561Z 0 [System] [MY-010116] [Server] C:\Users\micha\IdeaProjects\DoctorsDelay\DB\DataBase\MySQLServer\bin\mysqld (mysqld 8.0.18) starting as process 20540
2019-11-14T20:56:52.514404Z 1 [ERROR] [MY-012271] [InnoDB] The innodb_system data file 'ibdata1' must be writable
2019-11-14T20:56:52.516463Z 1 [ERROR] [MY-012278] [InnoDB] The innodb_system data file 'ibdata1' must be writable
2019-11-14T20:56:52.518821Z 1 [ERROR] [MY-010334] [Server] Failed to initialize DD Storage Engine
2019-11-14T20:56:52.521000Z 0 [ERROR] [MY-010020] [Server] Data Dictionary initialization failed.
2019-11-14T20:56:52.522633Z 0 [ERROR] [MY-010119] [Server] Aborting
2019-11-14T20:56:52.527790Z 0 [System] [MY-010910] [Server] C:\Users\micha\IdeaProjects\DoctorsDelay\DB\DataBase\MySQLServer\bin\mysqld: Shutdown complete (mysqld 8.0.18)  MySQL Community Server - GPL.
2019-11-14T20:57:32.544837Z 0 [System] [MY-010116] [Server] C:\Users\micha\IdeaProjects\DoctorsDelay\DB\DataBase\MySQLServer\bin\mysqld (mysqld 8.0.18) starting as process 17412
2019-11-14T20:57:32.583543Z 1 [ERROR] [MY-012271] [InnoDB] The innodb_system data file 'ibdata1' must be writable
2019-11-14T20:57:32.584882Z 1 [ERROR] [MY-012278] [InnoDB] The innodb_system data file 'ibdata1' must be writable
2019-11-14T20:57:32.586218Z 1 [ERROR] [MY-010334] [Server] Failed to initialize DD Storage Engine
2019-11-14T20:57:32.587634Z 0 [ERROR] [MY-010020] [Server] Data Dictionary initialization failed.
2019-11-14T20:57:32.588811Z 0 [ERROR] [MY-010119] [Server] Aborting
2019-11-14T20:57:32.590380Z 0 [System] [MY-010910] [Server] C:\Users\micha\IdeaProjects\DoctorsDelay\DB\DataBase\MySQLServer\bin\mysqld: Shutdown complete (mysqld 8.0.18)  MySQL Community Server - GPL.
2019-11-14T20:57:50.516602Z 0 [System] [MY-010116] [Server] C:\Users\micha\IdeaProjects\DoctorsDelay\DB\DataBase\MySQLServer\bin\mysqld (mysqld 8.0.18) starting as process 7008
2019-11-14T20:57:50.560015Z 1 [ERROR] [MY-012271] [InnoDB] The innodb_system data file 'ibdata1' must be writable
2019-11-14T20:57:50.561979Z 1 [ERROR] [MY-012278] [InnoDB] The innodb_system data file 'ibdata1' must be writable
2019-11-14T20:57:50.563874Z 1 [ERROR] [MY-010334] [Server] Failed to initialize DD Storage Engine
2019-11-14T20:57:50.565627Z 0 [ERROR] [MY-010020] [Server] Data Dictionary initialization failed.
2019-11-14T20:57:50.567337Z 0 [ERROR] [MY-010119] [Server] Aborting
2019-11-14T20:57:50.569731Z 0 [System] [MY-010910] [Server] C:\Users\micha\IdeaProjects\DoctorsDelay\DB\DataBase\MySQLServer\bin\mysqld: Shutdown complete (mysqld 8.0.18)  MySQL Community Server - GPL.
2019-11-14T21:54:47.246909Z 0 [System] [MY-010116] [Server] C:\Users\micha\IdeaProjects\DoctorsDelay\DB\MySQLServer\bin\mysqld (mysqld 8.0.18) starting as process 16532
2019-11-14T21:54:48.499075Z 0 [System] [MY-010229] [Server] Starting crash recovery...
2019-11-14T21:54:48.522960Z 0 [System] [MY-010232] [Server] Crash recovery finished.
2019-11-14T21:54:48.672147Z 0 [Warning] [MY-010068] [Server] CA certificate ca.pem is self signed.
2019-11-14T21:54:48.736917Z 0 [System] [MY-010931] [Server] C:\Users\micha\IdeaProjects\DoctorsDelay\DB\MySQLServer\bin\mysqld: ready for connections. Version: '8.0.18'  socket: ''  port: 3306  MySQL Community Server - GPL.
2019-11-14T21:54:48.975675Z 0 [System] [MY-011323] [Server] X Plugin ready for connections. Bind-address: '::' port: 33060
